<?xml version="1.0" encoding="UTF-8"?>
<!-- Generated by org.testng.reporters.JUnitReportReporter -->
<testsuite skipped="0" hostname="PMCLAP1257" name="com.test.CalTest" tests="3" failures="0" timestamp="12 Apr 2020 12:55:02 GMT" time="6.398" errors="0">
  <testcase name="testSum" time="2.307" classname="com.test.CalTest"/>
  <testcase name="testSub" time="2.027" classname="com.test.CalTest"/>
  <testcase name="testDiv" time="2.064" classname="com.test.CalTest"/>
</testsuite> <!-- com.test.CalTest -->
